<?xml version="1.0" encoding="UTF-8"?>
<coverage generated="1615569562787" clover="3.2.0">
  <project timestamp="1615569562788" name="All files">
    <metrics statements="5" coveredstatements="5" conditionals="11" coveredconditionals="11" methods="4" coveredmethods="4" elements="20" coveredelements="20" complexity="0" loc="5" ncloc="5" packages="1" files="1" classes="1"/>
    <file name="pagination.ts" path="/Users/benjaminread/Developer/homeedhelpers-fe-v2/src/lib/pagination.ts">
      <metrics statements="5" coveredstatements="5" conditionals="11" coveredconditionals="11" methods="4" coveredmethods="4"/>
      <line num="7" count="1" type="stmt"/>
      <line num="11" count="5" type="stmt"/>
      <line num="12" count="40" type="stmt"/>
      <line num="13" count="40" type="cond" truecount="3" falsecount="0"/>
      <line num="14" count="25" type="stmt"/>
    </file>
  </project>
</coverage>
