{"/Users/benjaminread/Developer/homeedhelpers-fe-v2/src/lib/pagination.ts": {"path":"/Users/benjaminread/Developer/homeedhelpers-fe-v2/src/lib/pagination.ts","statementMap":{"0":{"start":{"line":11,"column":2},"end":{"line":19,"column":8}},"1":{"start":{"line":12,"column":17},"end":{"line":12,"column":24}},"2":{"start":{"line":13,"column":20},"end":{"line":13,"column":76}},"3":{"start":{"line":14,"column":17},"end":{"line":19,"column":7}},"4":{"start":{"line":7,"column":0},"end":{"line":7,"column":16}}},"fnMap":{"0":{"name":"generatePagination","decl":{"start":{"line":7,"column":16},"end":{"line":7,"column":34}},"loc":{"start":{"line":9,"column":15},"end":{"line":20,"column":1}}},"1":{"name":"(anonymous_1)","decl":{"start":{"line":12,"column":9},"end":{"line":12,"column":10}},"loc":{"start":{"line":12,"column":12},"end":{"line":12,"column":19}}},"2":{"name":"(anonymous_2)","decl":{"start":{"line":13,"column":12},"end":{"line":13,"column":13}},"loc":{"start":{"line":13,"column":15},"end":{"line":13,"column":22}}},"3":{"name":"(anonymous_3)","decl":{"start":{"line":14,"column":9},"end":{"line":14,"column":10}},"loc":{"start":{"line":14,"column":12},"end":{"line":14,"column":18}}}},"branchMap":{"0":{"loc":{"start":{"line":13,"column":20},"end":{"line":13,"column":28}},"type":"binary-expr","locations":[{"start":{"line":13,"column":20},"end":{"line":13,"column":28}},{"start":{"line":13,"column":32},"end":{"line":13,"column":44}},{"start":{"line":13,"column":48},"end":{"line":13,"column":75}}]},"1":{"loc":{"start":{"line":16,"column":67},"end":{"line":16,"column":71}},"type":"cond-expr","locations":[{"start":{"line":16,"column":67},"end":{"line":16,"column":71}},{"start":{"line":16,"column":74},"end":{"line":16,"column":76}}]},"2":{"loc":{"start":{"line":16,"column":8},"end":{"line":16,"column":36}},"type":"binary-expr","locations":[{"start":{"line":16,"column":8},"end":{"line":16,"column":36}},{"start":{"line":16,"column":40},"end":{"line":16,"column":48}},{"start":{"line":16,"column":52},"end":{"line":16,"column":64}}]},"3":{"loc":{"start":{"line":18,"column":15},"end":{"line":18,"column":43}},"type":"binary-expr","locations":[{"start":{"line":18,"column":15},"end":{"line":18,"column":43}},{"start":{"line":18,"column":47},"end":{"line":18,"column":55}},{"start":{"line":18,"column":59},"end":{"line":18,"column":71}}]}},"s":{"0":5,"1":40,"2":40,"3":25,"4":1},"f":{"0":5,"1":40,"2":40,"3":25},"b":{"0":[40,35,30],"1":[6,19],"2":[25,6,6],"3":[25,6,6]}}
}
